<?xml version="1.0" encoding="UTF-8"?>
<testng-results skipped="0" failed="1" ignored="0" total="1" passed="0">
  <reporter-output>
  </reporter-output>
  <suite name="Default suite" duration-ms="2248" started-at="2019-04-03T04:53:00Z" finished-at="2019-04-03T04:53:03Z">
    <groups>
    </groups>
    <test name="Default test" duration-ms="2248" started-at="2019-04-03T04:53:00Z" finished-at="2019-04-03T04:53:03Z">
      <class name="registrationtest.IndiRegFirstForm">
        <test-method status="PASS" signature="init()[pri:0, instance:registrationtest.IndiRegFirstForm@91161c7]" name="init" is-config="true" duration-ms="962" started-at="2019-04-03T04:53:00Z" finished-at="2019-04-03T04:53:01Z">
          <reporter-output>
          </reporter-output>
        </test-method> <!-- init -->
        <test-method status="FAIL" signature="f()[pri:0, instance:registrationtest.IndiRegFirstForm@91161c7]" name="f" duration-ms="195" started-at="2019-04-03T04:53:01Z" finished-at="2019-04-03T04:53:02Z">
          <exception class="java.lang.NullPointerException">
            <full-stacktrace>
              <![CDATA[java.lang.NullPointerException
at registrationtest.IndiRegFirstForm.takeScreenshot(IndiRegFirstForm.java:209)
at registrationtest.IndiRegFirstForm.f(IndiRegFirstForm.java:121)
at sun.reflect.NativeMethodAccessorImpl.invoke0(Native Method)
at sun.reflect.NativeMethodAccessorImpl.invoke(NativeMethodAccessorImpl.java:62)
at sun.reflect.DelegatingMethodAccessorImpl.invoke(DelegatingMethodAccessorImpl.java:43)
at java.lang.reflect.Method.invoke(Method.java:498)
at org.testng.internal.MethodInvocationHelper.invokeMethod(MethodInvocationHelper.java:124)
at org.testng.internal.Invoker.invokeMethod(Invoker.java:580)
at org.testng.internal.Invoker.invokeTestMethod(Invoker.java:716)
at org.testng.internal.Invoker.invokeTestMethods(Invoker.java:988)
at org.testng.internal.TestMethodWorker.invokeTestMethods(TestMethodWorker.java:125)
at org.testng.internal.TestMethodWorker.run(TestMethodWorker.java:109)
at org.testng.TestRunner.privateRun(TestRunner.java:648)
at org.testng.TestRunner.run(TestRunner.java:505)
at org.testng.SuiteRunner.runTest(SuiteRunner.java:455)
at org.testng.SuiteRunner.runSequentially(SuiteRunner.java:450)
at org.testng.SuiteRunner.privateRun(SuiteRunner.java:415)
at org.testng.SuiteRunner.run(SuiteRunner.java:364)
at org.testng.SuiteRunnerWorker.runSuite(SuiteRunnerWorker.java:52)
at org.testng.SuiteRunnerWorker.run(SuiteRunnerWorker.java:84)
at org.testng.TestNG.runSuitesSequentially(TestNG.java:1208)
at org.testng.TestNG.runSuitesLocally(TestNG.java:1137)
at org.testng.TestNG.runSuites(TestNG.java:1049)
at org.testng.TestNG.run(TestNG.java:1017)
at org.testng.remote.AbstractRemoteTestNG.run(AbstractRemoteTestNG.java:114)
at org.testng.remote.RemoteTestNG.initAndRun(RemoteTestNG.java:251)
at org.testng.remote.RemoteTestNG.main(RemoteTestNG.java:77)
]]>
            </full-stacktrace>
          </exception> <!-- java.lang.NullPointerException -->
          <reporter-output>
          </reporter-output>
        </test-method> <!-- f -->
        <test-method status="PASS" signature="teardown()[pri:0, instance:registrationtest.IndiRegFirstForm@91161c7]" name="teardown" is-config="true" duration-ms="1066" started-at="2019-04-03T04:53:02Z" finished-at="2019-04-03T04:53:03Z">
          <reporter-output>
          </reporter-output>
        </test-method> <!-- teardown -->
      </class> <!-- registrationtest.IndiRegFirstForm -->
    </test> <!-- Default test -->
  </suite> <!-- Default suite -->
</testng-results>
